<?xml version="1.0" encoding="UTF-8"?>
<testsuite xmlns:xsi="http://www.w3.org/2001/XMLSchema-instance" xsi:noNamespaceSchemaLocation="https://maven.apache.org/surefire/maven-surefire-plugin/xsd/surefire-test-report-3.0.xsd" version="3.0" name="ru.job4j.forum.control.IndexControlTest" time="11.677" tests="6" errors="0" skipped="0" failures="0">
  <properties/>
  <testcase name="shouldReturnPostPage" classname="ru.job4j.forum.control.IndexControlTest" time="0.51"/>
  <testcase name="shouldReturnCreatePage" classname="ru.job4j.forum.control.IndexControlTest" time="0.084"/>
  <testcase name="shouldReturnLoginPage" classname="ru.job4j.forum.control.IndexControlTest" time="0.065"/>
  <testcase name="shouldReturnEditPage" classname="ru.job4j.forum.control.IndexControlTest" time="0.073"/>
  <testcase name="shouldReturnDefaultMessage" classname="ru.job4j.forum.control.IndexControlTest" time="0.075"/>
  <testcase name="shouldReturnRegPage" classname="ru.job4j.forum.control.IndexControlTest" time="0.076"/>
</testsuite>